
ROM used: 732 (9%)
          732 (9%) including unused fragments

          2 Average locations per line
          20 Average locations per statement

RAM used: 9 (2%) at main() level
          18 (5%) worst case

Stack used: 3 worst case (out of 8 total available)

Lines Stmts  %   Files
----- ----- ---  -----
   63    36 100  slave_1.c
   16     0   0  slave_1.h
  290     0   0  ..\Program Files (x86)\PICC\devices\16F876A.h
----- -----
  369    36 Total

Page ROM  %  RAM   Vol Diff  Functions:
---- --- --- ---   --- ----  ----------
0     22   3   1             @delay_ms1
0     73  10   0   248  2.3  config_slave_1
0    137  19   0    86  1.9  rotina_conversor_ad
0     14   2   0    25  1.2  @const73
0     81  11   4    25  1.2  @PSTRINGCN7_9600_62_63
 Inline        9   500  4.1  @PRINTF_LU_9600_62_63
0      1   0   0             @const78
0     72  10   3             @PSTRINGC7_9600_62_63
0    157  21   1   478  4.1  rotina_slave_1
0     12   2   0             @const81
0     21   3   3             @DIV88
0     56   8   2             @PRINTF_U_9600_62_63
0      1   0   0             @const88
0     12   2   0             @const89
0      1   0   0    25  1.2  @const90
0     17   2   0    25  1.2  @const91
0     17   2   0   467  3.7  @const92
0      1   0   0             @const93
0     33   5   0    68  1.5  MAIN

Program metrics:
    Functions               10
    Statements              36
    Comments                70
    Volume (V)              3041
    Difficilty (D)          23.0
    Effort to implement (E) 70037
    Time to implement (T)   1 hours, 5 minutes
    Est Delivered Bugs (B)  1
    Cyclomatic Complexity   11
    Maintainability (MI)    79

 Segment     Used  Free
-----------  ----  ----
00000-00003     4  0  
00004-007FF   728  1316  
00800-00FFF     0  2048  
01000-017FF     0  2048  
01800-01FFF     0  2048  



