
ROM used: 500 (6%)
          500 (6%) including unused fragments

          1 Average locations per line
          6 Average locations per statement

RAM used: 19 (5%) at main() level
          23 (6%) worst case

Stack used: 5 worst case (out of 7 total available)

Lines Stmts  %   Files
----- ----- ---  -----
  137    80 100  Prova.c
   52     0   0  Prova.h
  273     0   0  ..\..\..\..\Program Files\PICC\devices\16F876A.h
----- -----
  462    80 Total

Page ROM  %  RAM   Vol Diff  Functions:
---- --- --- ---   --- ----  ----------
0     34   7   1             @PUTCHAR_1_
0     23   5   3   123  3.4  tempo
0     21   4   1   156  2.5  emergencia
0     16   3   0             @const83
0     28   6   2   295  4.2  delay
0     31   6   1   112  2.7  ve_galao
0     15   3   0             @const87
0     15   3   0             @const88
0     38   8   1   223  3.0  encher_galao
0     20   4   0             @const90
0     17   3   0             @const91
0     30   6   1   231  3.5  retoma_esteira
0     22   4   0             @const93
0    117  23   2   572  5.1  MAIN
0     22   4   0             @const97

Program metrics:
    Functions               7
    Statements              80
    Comments                78
    Volume (V)              2625
    Difficilty (D)          23.5
    Effort to implement (E) 61768
    Time to implement (T)   57 minutes
    Est Delivered Bugs (B)  1
    Cyclomatic Complexity   8
    Maintainability (MI)    56

 Segment     Used  Free
-----------  ----  ----
00000-00003     4  0  
00004-00032    47  0  
00033-007FF   449  1548  
00800-00FFF     0  2048  
01000-017FF     0  2048  
01800-01FFF     0  2048  



