Flow report for ula4bits
Fri Jun 19 00:33:26 2009
Quartus II Version 9.0 Build 132 02/25/2009 SJ Web Edition


---------------------
; Table of Contents ;
---------------------
  1. Legal Notice
  2. Flow Summary
  3. Flow Settings
  4. Flow Non-Default Global Settings
  5. Flow Elapsed Time
  6. Flow OS Summary
  7. Flow Log



----------------
; Legal Notice ;
----------------
Copyright (C) 1991-2009 Altera Corporation
Your use of Altera Corporation's design tools, logic functions 
and other software and tools, and its AMPP partner logic 
functions, and any output files from any of the foregoing 
(including device programming or simulation files), and any 
associated documentation or information are expressly subject 
to the terms and conditions of the Altera Program License 
Subscription Agreement, Altera MegaCore Function License 
Agreement, or other applicable license agreement, including, 
without limitation, that your use is for the sole purpose of 
programming logic devices manufactured by Altera and sold by 
Altera or its authorized distributors.  Please refer to the 
applicable agreement for further details.



+-------------------------------------------------------------------+
; Flow Summary                                                      ;
+-------------------------+-----------------------------------------+
; Flow Status             ; Successful - Fri Jun 19 00:33:26 2009   ;
; Quartus II Version      ; 9.0 Build 132 02/25/2009 SJ Web Edition ;
; Revision Name           ; ula4bits                                ;
; Top-level Entity Name   ; ula4bits                                ;
; Family                  ; MAX7000S                                ;
; Device                  ; EPM7128SLC84-7                          ;
; Timing Models           ; Final                                   ;
; Met timing requirements ; Yes                                     ;
; Total macrocells        ; 68 / 128 ( 53 % )                       ;
; Total pins              ; 21 / 68 ( 31 % )                        ;
+-------------------------+-----------------------------------------+


+-----------------------------------------+
; Flow Settings                           ;
+-------------------+---------------------+
; Option            ; Setting             ;
+-------------------+---------------------+
; Start date & time ; 06/19/2009 00:33:12 ;
; Main task         ; Compilation         ;
; Revision Name     ; ula4bits            ;
+-------------------+---------------------+


+------------------------------------------------------------------------------------------------------------------+
; Flow Non-Default Global Settings                                                                                 ;
+------------------------------------+------------------------------+---------------+-------------+----------------+
; Assignment Name                    ; Value                        ; Default Value ; Entity Name ; Section Id     ;
+------------------------------------+------------------------------+---------------+-------------+----------------+
; COMPILER_SIGNATURE_ID              ; 124711159200.124538239200928 ; --            ; --          ; --             ;
; FITTER_EFFORT                      ; Standard Fit                 ; Auto Fit      ; --          ; --             ;
; OPTIMIZE_HOLD_TIMING               ; Off                          ; --            ; --          ; --             ;
; USE_GENERATED_PHYSICAL_CONSTRAINTS ; Off                          ; --            ; --          ; eda_blast_fpga ;
+------------------------------------+------------------------------+---------------+-------------+----------------+


+-----------------------------------------------------------------------------------------------------------------------------+
; Flow Elapsed Time                                                                                                           ;
+-------------------------+--------------+-------------------------+---------------------+------------------------------------+
; Module Name             ; Elapsed Time ; Average Processors Used ; Peak Virtual Memory ; Total CPU Time (on all processors) ;
+-------------------------+--------------+-------------------------+---------------------+------------------------------------+
; Analysis & Synthesis    ; 00:00:05     ; 1.0                     ; 216 MB              ; 00:00:05                           ;
; Fitter                  ; 00:00:02     ; 1.0                     ; 162 MB              ; 00:00:01                           ;
; Assembler               ; 00:00:03     ; 1.0                     ; 175 MB              ; 00:00:03                           ;
; Classic Timing Analyzer ; 00:00:01     ; 1.0                     ; 147 MB              ; 00:00:01                           ;
; Total                   ; 00:00:11     ; --                      ; --                  ; 00:00:10                           ;
+-------------------------+--------------+-------------------------+---------------------+------------------------------------+


+------------------------------------------------------------------------------------------+
; Flow OS Summary                                                                          ;
+-------------------------+------------------+---------------+------------+----------------+
; Module Name             ; Machine Hostname ; OS Name       ; OS Version ; Processor type ;
+-------------------------+------------------+---------------+------------+----------------+
; Analysis & Synthesis    ; Thales-PC        ; Windows Vista ; 6.0        ; i686           ;
; Fitter                  ; Thales-PC        ; Windows Vista ; 6.0        ; i686           ;
; Assembler               ; Thales-PC        ; Windows Vista ; 6.0        ; i686           ;
; Classic Timing Analyzer ; Thales-PC        ; Windows Vista ; 6.0        ; i686           ;
+-------------------------+------------------+---------------+------------+----------------+


------------
; Flow Log ;
------------
quartus_map --read_settings_files=on --write_settings_files=off ula4bits -c ula4bits
quartus_fit --read_settings_files=off --write_settings_files=off ula4bits -c ula4bits
quartus_asm --read_settings_files=off --write_settings_files=off ula4bits -c ula4bits
quartus_tan --read_settings_files=off --write_settings_files=off ula4bits -c ula4bits



