
ROM used: 155 (2%)
          155 (2%) including unused fragments

          0 Average locations per line
          5 Average locations per statement

RAM used: 8 (2%) at main() level
          9 (2%) worst case

Stack used: 1 worst case (out of 8 total available)

Lines Stmts  %   Files
----- ----- ---  -----
   67    32 100  rs 232_2.c
   42     0   0  rs 232_2.h
  273     0   0  ..\..\..\..\..\Program Files\PICC\devices\16F876A.h
----- -----
  382    32 Total

Page ROM  %  RAM   Vol Diff  Functions:
---- --- --- ---   --- ----  ----------
0     20  13   1             @delay_ms1
0    106  68   1   450  3.8  main
0     20  13   0    56  2.1  verificaFlag
0      5   3   1    25  1.6  enviaByte

Program metrics:
    Functions               3
    Statements              32
    Comments                70
    Volume (V)              637
    Difficilty (D)          8.0
    Effort to implement (E) 5075
    Time to implement (T)   5 minutes
    Est Delivered Bugs (B)  0
    Cyclomatic Complexity   2
    Maintainability (MI)    151

 Segment     Used  Free
-----------  ----  ----
00000-00003     4  0  
00004-007FF   151  1893  
00800-00FFF     0  2048  
01000-017FF     0  2048  
01800-01FFF     0  2048  



