
ROM used: 237 (3%)
          237 (3%) including unused fragments

          1 Average locations per line
          5 Average locations per statement

RAM used: 19 (5%) at main() level
          20 (5%) worst case

Stack used: 3 worst case (out of 7 total available)

Lines Stmts  %   Files
----- ----- ---  -----
   82    47 100  main.c
   27     0   0  main.h
  273     0   0  C:\Program Files\PICC\devices\16F876A.h
----- -----
  382    47 Total

Page ROM  %  RAM   Vol Diff  Functions:
---- --- --- ---   --- ----  ----------
0     21   9   1             @delay_ms1
0     31  13   0   179  3.5  TIMER0_ISR
0     17   7   0   102  2.9  direita
0     17   7   0   102  2.9  esquerda
0    100  42   0   527  4.8  MAIN

Program metrics:
    Functions               4
    Statements              47
    Comments                73
    Volume (V)              1228
    Difficilty (D)          14.3
    Effort to implement (E) 17537
    Time to implement (T)   16 minutes
    Est Delivered Bugs (B)  0
    Cyclomatic Complexity   4
    Maintainability (MI)    118

 Segment     Used  Free
-----------  ----  ----
00000-00003     4  0  
00004-00032    47  0  
00033-007FF   186  1811  
00800-00FFF     0  2048  
01000-017FF     0  2048  
01800-01FFF     0  2048  



