
ROM used: 140 (2%)
          140 (2%) including unused fragments

          0 Average locations per line
          5 Average locations per statement

RAM used: 25 (7%) at main() level
          25 (7%) worst case

Stack used: 2 worst case (out of 8 total available)

Lines Stmts  %   Files
----- ----- ---  -----
   77    27 100  Slave1.c
   39     0   0  Slave1.h
  273     0   0  ..\..\..\..\..\..\..\Program Files\PICC\devices\16F876A.h
----- -----
  389    27 Total

Page ROM  %  RAM   Vol Diff  Functions:
---- --- --- ---   --- ----  ----------
0     22  16   1             @delay_ms1
0     12   9   0    74  1.6  inicia_ad
0    102  73  18   518  4.3  MAIN

Program metrics:
    Functions               2
    Statements              27
    Comments                85
    Volume (V)              668
    Difficilty (D)          5.9
    Effort to implement (E) 3962
    Time to implement (T)   4 minutes
    Est Delivered Bugs (B)  0
    Cyclomatic Complexity   1
    Maintainability (MI)    67

 Segment     Used  Free
-----------  ----  ----
00000-00003     4  0  
00004-007FF   136  1908  
00800-00FFF     0  2048  
01000-017FF     0  2048  
01800-01FFF     0  2048  



