
ROM used: 799 (10%)
          799 (10%) including unused fragments

          2 Average locations per line
          6 Average locations per statement

RAM used: 30 (8%) at main() level
          39 (11%) worst case

Stack used: 3 worst case (out of 7 total available)

Lines Stmts  %   Files
----- ----- ---  -----
  200   143 100  elevador.c
   39     0   0  elevador.h
  273     0   0  C:\PROGRA~1\PICC\devices\16F876A.h
----- -----
  512   143 Total

Page ROM  %  RAM   Vol Diff  Functions:
---- --- --- ---   --- ----  ----------
0     20   3   1             @delay_ms1
0     12   2   1    42  1.7  tempo
0     40   5   7   325  6.0  insere_andar
0     47   6   7   211  4.3  tira_andar
0     66   8   9   385  7.3  ordena
0     46   6   2   431  2.9  motor_passo_frente
0     46   6   2   431  2.9  motor_passo_tras
0      5   1   0    69  1.6  parar_motor_passo
0    283  35   2  2437  8.3  MAIN
0     29   4   0             @const95
0     26   3   0             @const96
0     21   3   3             @DIV88
0    107  13   6             @PRINTF_D_9600_62_63

Program metrics:
    Functions               8
    Statements              143
    Comments                86
    Volume (V)              5982
    Difficilty (D)          35.0
    Effort to implement (E) 209097
    Time to implement (T)   3 hours, 14 minutes
    Est Delivered Bugs (B)  1
    Cyclomatic Complexity   22
    Maintainability (MI)    43

 Segment     Used  Free
-----------  ----  ----
00000-00003     4  0  
00004-00032    47  0  
00033-007FF   748  1249  
00800-00FFF     0  2048  
01000-017FF     0  2048  
01800-01FFF     0  2048  



