
ROM used: 297 (4%)
          297 (4%) including unused fragments

          1 Average locations per line
          8 Average locations per statement

RAM used: 9 (2%) at main() level
          18 (5%) worst case

Stack used: 2 worst case (out of 8 total available)

Lines Stmts  %   Files
----- ----- ---  -----
   75    35 100  conversor AD.c
   49     0   0  conversor AD.h
  273     0   0  ..\..\..\..\..\Program Files\PICC\devices\16F876A.h
----- -----
  397    35 Total

Page ROM  %  RAM   Vol Diff  Functions:
---- --- --- ---   --- ----  ----------
0     20   7   1             @delay_ms1
0    108  36   2   377  3.2  main
0    120  40   9   166  4.0  @PRINTF_LD_9600_62_63
0     22   7   0   277  1.9  inicia_ad
0     23   8   4   149  3.9  le_ad

Program metrics:
    Functions               4
    Statements              35
    Comments                78
    Volume (V)              1344
    Difficilty (D)          13.0
    Effort to implement (E) 17520
    Time to implement (T)   16 minutes
    Est Delivered Bugs (B)  0
    Cyclomatic Complexity   1
    Maintainability (MI)    132

 Segment     Used  Free
-----------  ----  ----
00000-00003     4  0  
00004-007FF   293  1751  
00800-00FFF     0  2048  
01000-017FF     0  2048  
01800-01FFF     0  2048  



