
ROM used: 154 (2%)
          154 (2%) including unused fragments

          0 Average locations per line
          9 Average locations per statement

RAM used: 7 (2%) at main() level
          11 (3%) worst case

Stack used: 2 worst case (out of 8 total available)

Lines Stmts  %   Files
----- ----- ---  -----
   47    18 100  main.c
   25     0   0  main.h
  273     0   0  C:\Program Files\PICC\devices\16F876A.h
----- -----
  345    18 Total

Page ROM  %  RAM   Vol Diff  Functions:
---- --- --- ---   --- ----  ----------
0     22  14   1             @delay_ms1
0     46  30   4   179  3.6  envia_byte
0     82  53   0   253  2.8  MAIN

Program metrics:
    Functions               2
    Statements              18
    Comments                73
    Volume (V)              521
    Difficilty (D)          6.2
    Effort to implement (E) 3235
    Time to implement (T)   3 minutes
    Est Delivered Bugs (B)  0
    Cyclomatic Complexity   1
    Maintainability (MI)    110

 Segment     Used  Free
-----------  ----  ----
00000-00003     4  0  
00004-007FF   150  1894  
00800-00FFF     0  2048  
01000-017FF     0  2048  
01800-01FFF     0  2048  



