Analysis & Synthesis report for ula4bits
Fri Jun 26 00:50:26 2009
Quartus II Version 9.0 Build 132 02/25/2009 SJ Web Edition


---------------------
; Table of Contents ;
---------------------
  1. Legal Notice
  2. Analysis & Synthesis Summary
  3. Analysis & Synthesis Settings
  4. Analysis & Synthesis Source Files Read
  5. Analysis & Synthesis Resource Usage Summary
  6. Analysis & Synthesis Resource Utilization by Entity
  7. User-Specified and Inferred Latches
  8. Source assignments for lpm_add_sub:Add3|addcore:adder
  9. Source assignments for lpm_add_sub:Add3|addcore:adder|addcore:adder[0]
 10. Source assignments for lpm_add_sub:Add0|addcore:adder
 11. Source assignments for lpm_add_sub:Add0|addcore:adder|addcore:adder[0]
 12. Source assignments for lpm_add_sub:Add1|addcore:adder
 13. Source assignments for lpm_add_sub:Add1|addcore:adder|addcore:adder[0]
 14. Source assignments for lpm_add_sub:Add5|addcore:adder
 15. Source assignments for lpm_add_sub:Add5|addcore:adder|addcore:adder[0]
 16. Source assignments for lpm_add_sub:Add6|addcore:adder
 17. Source assignments for lpm_add_sub:Add6|addcore:adder|addcore:adder[0]
 18. Parameter Settings for Inferred Entity Instance: lpm_add_sub:Add3
 19. Parameter Settings for Inferred Entity Instance: lpm_add_sub:Add0
 20. Parameter Settings for Inferred Entity Instance: lpm_add_sub:Add1
 21. Parameter Settings for Inferred Entity Instance: lpm_add_sub:Add5
 22. Parameter Settings for Inferred Entity Instance: lpm_add_sub:Add6
 23. Analysis & Synthesis Messages



----------------
; Legal Notice ;
----------------
Copyright (C) 1991-2009 Altera Corporation
Your use of Altera Corporation's design tools, logic functions 
and other software and tools, and its AMPP partner logic 
functions, and any output files from any of the foregoing 
(including device programming or simulation files), and any 
associated documentation or information are expressly subject 
to the terms and conditions of the Altera Program License 
Subscription Agreement, Altera MegaCore Function License 
Agreement, or other applicable license agreement, including, 
without limitation, that your use is for the sole purpose of 
programming logic devices manufactured by Altera and sold by 
Altera or its authorized distributors.  Please refer to the 
applicable agreement for further details.



+-----------------------------------------------------------------------+
; Analysis & Synthesis Summary                                          ;
+-----------------------------+-----------------------------------------+
; Analysis & Synthesis Status ; Successful - Fri Jun 26 00:50:26 2009   ;
; Quartus II Version          ; 9.0 Build 132 02/25/2009 SJ Web Edition ;
; Revision Name               ; ula4bits                                ;
; Top-level Entity Name       ; ula4bits                                ;
; Family                      ; MAX7000S                                ;
; Total macrocells            ; 91                                      ;
; Total pins                  ; 17                                      ;
+-----------------------------+-----------------------------------------+


+-------------------------------------------------------------------------------------------------+
; Analysis & Synthesis Settings                                                                   ;
+----------------------------------------------------------------+----------------+---------------+
; Option                                                         ; Setting        ; Default Value ;
+----------------------------------------------------------------+----------------+---------------+
; Device                                                         ; EPM7128SLC84-7 ;               ;
; Top-level entity name                                          ; ula4bits       ; ula4bits      ;
; Family name                                                    ; MAX7000S       ; Stratix II    ;
; Use Generated Physical Constraints File                        ; Off            ;               ;
; Use smart compilation                                          ; Off            ; Off           ;
; Create Debugging Nodes for IP Cores                            ; Off            ; Off           ;
; Preserve fewer node names                                      ; On             ; On            ;
; Disable OpenCore Plus hardware evaluation                      ; Off            ; Off           ;
; Verilog Version                                                ; Verilog_2001   ; Verilog_2001  ;
; VHDL Version                                                   ; VHDL93         ; VHDL93        ;
; State Machine Processing                                       ; Auto           ; Auto          ;
; Safe State Machine                                             ; Off            ; Off           ;
; Extract Verilog State Machines                                 ; On             ; On            ;
; Extract VHDL State Machines                                    ; On             ; On            ;
; Ignore Verilog initial constructs                              ; Off            ; Off           ;
; Iteration limit for constant Verilog loops                     ; 5000           ; 5000          ;
; Iteration limit for non-constant Verilog loops                 ; 250            ; 250           ;
; Add Pass-Through Logic to Inferred RAMs                        ; On             ; On            ;
; Parallel Synthesis                                             ; Off            ; Off           ;
; NOT Gate Push-Back                                             ; On             ; On            ;
; Power-Up Don't Care                                            ; On             ; On            ;
; Remove Duplicate Registers                                     ; On             ; On            ;
; Ignore CARRY Buffers                                           ; Off            ; Off           ;
; Ignore CASCADE Buffers                                         ; Off            ; Off           ;
; Ignore GLOBAL Buffers                                          ; Off            ; Off           ;
; Ignore ROW GLOBAL Buffers                                      ; Off            ; Off           ;
; Ignore LCELL Buffers                                           ; Auto           ; Auto          ;
; Ignore SOFT Buffers                                            ; Off            ; Off           ;
; Limit AHDL Integers to 32 Bits                                 ; Off            ; Off           ;
; Optimization Technique                                         ; Speed          ; Speed         ;
; Allow XOR Gate Usage                                           ; On             ; On            ;
; Auto Logic Cell Insertion                                      ; On             ; On            ;
; Parallel Expander Chain Length                                 ; 4              ; 4             ;
; Auto Parallel Expanders                                        ; On             ; On            ;
; Auto Open-Drain Pins                                           ; On             ; On            ;
; Auto Resource Sharing                                          ; Off            ; Off           ;
; Maximum Fan-in Per Macrocell                                   ; 100            ; 100           ;
; Use LogicLock Constraints during Resource Balancing            ; On             ; On            ;
; Ignore translate_off and synthesis_off directives              ; Off            ; Off           ;
; Show Parameter Settings Tables in Synthesis Report             ; On             ; On            ;
; HDL message level                                              ; Level2         ; Level2        ;
; Suppress Register Optimization Related Messages                ; Off            ; Off           ;
; Number of Removed Registers Reported in Synthesis Report       ; 100            ; 100           ;
; Number of Inverted Registers Reported in Synthesis Report      ; 100            ; 100           ;
; Block Design Naming                                            ; Auto           ; Auto          ;
; Synthesis Effort                                               ; Auto           ; Auto          ;
; Allows Asynchronous Clear Usage For Shift Register Replacement ; On             ; On            ;
; Analysis & Synthesis Message Level                             ; Medium         ; Medium        ;
+----------------------------------------------------------------+----------------+---------------+


+---------------------------------------------------------------------------------------------------------------------------------------------+
; Analysis & Synthesis Source Files Read                                                                                                      ;
+----------------------------------+-----------------+-----------------+----------------------------------------------------------------------+
; File Name with User-Entered Path ; Used in Netlist ; File Type       ; File Name with Absolute Path                                         ;
+----------------------------------+-----------------+-----------------+----------------------------------------------------------------------+
; ula4bits.vhd                     ; yes             ; User VHDL File  ; C:/Users/Thales/Desktop/ULA/ula4bits.vhd                             ;
; lpm_add_sub.tdf                  ; yes             ; Megafunction    ; c:/altera/90/quartus/libraries/megafunctions/lpm_add_sub.tdf         ;
; addcore.inc                      ; yes             ; Megafunction    ; c:/altera/90/quartus/libraries/megafunctions/addcore.inc             ;
; look_add.inc                     ; yes             ; Megafunction    ; c:/altera/90/quartus/libraries/megafunctions/look_add.inc            ;
; bypassff.inc                     ; yes             ; Megafunction    ; c:/altera/90/quartus/libraries/megafunctions/bypassff.inc            ;
; altshift.inc                     ; yes             ; Megafunction    ; c:/altera/90/quartus/libraries/megafunctions/altshift.inc            ;
; alt_stratix_add_sub.inc          ; yes             ; Megafunction    ; c:/altera/90/quartus/libraries/megafunctions/alt_stratix_add_sub.inc ;
; alt_mercury_add_sub.inc          ; yes             ; Megafunction    ; c:/altera/90/quartus/libraries/megafunctions/alt_mercury_add_sub.inc ;
; aglobal90.inc                    ; yes             ; Megafunction    ; c:/altera/90/quartus/libraries/megafunctions/aglobal90.inc           ;
; addcore.tdf                      ; yes             ; Megafunction    ; c:/altera/90/quartus/libraries/megafunctions/addcore.tdf             ;
; a_csnbuffer.inc                  ; yes             ; Megafunction    ; c:/altera/90/quartus/libraries/megafunctions/a_csnbuffer.inc         ;
; a_csnbuffer.tdf                  ; yes             ; Megafunction    ; c:/altera/90/quartus/libraries/megafunctions/a_csnbuffer.tdf         ;
; altshift.tdf                     ; yes             ; Megafunction    ; c:/altera/90/quartus/libraries/megafunctions/altshift.tdf            ;
+----------------------------------+-----------------+-----------------+----------------------------------------------------------------------+


+---------------------------------------------+
; Analysis & Synthesis Resource Usage Summary ;
+----------------------+----------------------+
; Resource             ; Usage                ;
+----------------------+----------------------+
; Logic cells          ; 91                   ;
; Total registers      ; 0                    ;
; I/O pins             ; 17                   ;
; Shareable expanders  ; 25                   ;
; Parallel expanders   ; 38                   ;
; Maximum fan-out node ; a[1]                 ;
; Maximum fan-out      ; 68                   ;
; Total fan-out        ; 821                  ;
; Average fan-out      ; 6.17                 ;
+----------------------+----------------------+


+------------------------------------------------------------------------------------------------------------------------------------------+
; Analysis & Synthesis Resource Utilization by Entity                                                                                      ;
+------------------------------------+------------+------+------------------------------------------------------------------+--------------+
; Compilation Hierarchy Node         ; Macrocells ; Pins ; Full Hierarchy Name                                              ; Library Name ;
+------------------------------------+------------+------+------------------------------------------------------------------+--------------+
; |ula4bits                          ; 91         ; 17   ; |ula4bits                                                        ; work         ;
;    |lpm_add_sub:Add0|              ; 3          ; 0    ; |ula4bits|lpm_add_sub:Add0                                       ; work         ;
;       |addcore:adder|              ; 3          ; 0    ; |ula4bits|lpm_add_sub:Add0|addcore:adder                         ; work         ;
;          |a_csnbuffer:result_node| ; 3          ; 0    ; |ula4bits|lpm_add_sub:Add0|addcore:adder|a_csnbuffer:result_node ; work         ;
;    |lpm_add_sub:Add1|              ; 2          ; 0    ; |ula4bits|lpm_add_sub:Add1                                       ; work         ;
;       |addcore:adder|              ; 2          ; 0    ; |ula4bits|lpm_add_sub:Add1|addcore:adder                         ; work         ;
;          |a_csnbuffer:result_node| ; 2          ; 0    ; |ula4bits|lpm_add_sub:Add1|addcore:adder|a_csnbuffer:result_node ; work         ;
;    |lpm_add_sub:Add3|              ; 6          ; 0    ; |ula4bits|lpm_add_sub:Add3                                       ; work         ;
;       |addcore:adder|              ; 6          ; 0    ; |ula4bits|lpm_add_sub:Add3|addcore:adder                         ; work         ;
;          |a_csnbuffer:result_node| ; 6          ; 0    ; |ula4bits|lpm_add_sub:Add3|addcore:adder|a_csnbuffer:result_node ; work         ;
;    |lpm_add_sub:Add5|              ; 2          ; 0    ; |ula4bits|lpm_add_sub:Add5                                       ; work         ;
;       |addcore:adder|              ; 2          ; 0    ; |ula4bits|lpm_add_sub:Add5|addcore:adder                         ; work         ;
;          |a_csnbuffer:result_node| ; 2          ; 0    ; |ula4bits|lpm_add_sub:Add5|addcore:adder|a_csnbuffer:result_node ; work         ;
;    |lpm_add_sub:Add6|              ; 2          ; 0    ; |ula4bits|lpm_add_sub:Add6                                       ; work         ;
;       |addcore:adder|              ; 2          ; 0    ; |ula4bits|lpm_add_sub:Add6|addcore:adder                         ; work         ;
;          |a_csnbuffer:result_node| ; 2          ; 0    ; |ula4bits|lpm_add_sub:Add6|addcore:adder|a_csnbuffer:result_node ; work         ;
+------------------------------------+------------+------+------------------------------------------------------------------+--------------+


+---------------------------------------------------------------------------------------------------+
; User-Specified and Inferred Latches                                                               ;
+----------------------------------------------------+---------------------+------------------------+
; Latch Name                                         ; Latch Enable Signal ; Free of Timing Hazards ;
+----------------------------------------------------+---------------------+------------------------+
; carry                                              ; carry~2             ; yes                    ;
; Number of user-specified and inferred latches = 1  ;                     ;                        ;
+----------------------------------------------------+---------------------+------------------------+
Note: All latches listed above may not be present at the end of synthesis due to various synthesis optimizations.


+-------------------------------------------------------+
; Source assignments for lpm_add_sub:Add3|addcore:adder ;
+---------------------------+-------+------+------------+
; Assignment                ; Value ; From ; To         ;
+---------------------------+-------+------+------------+
; SUPPRESS_DA_RULE_INTERNAL ; A103  ; -    ; -          ;
+---------------------------+-------+------+------------+


+------------------------------------------------------------------------+
; Source assignments for lpm_add_sub:Add3|addcore:adder|addcore:adder[0] ;
+---------------------------+-------+------+-----------------------------+
; Assignment                ; Value ; From ; To                          ;
+---------------------------+-------+------+-----------------------------+
; SUPPRESS_DA_RULE_INTERNAL ; A103  ; -    ; -                           ;
+---------------------------+-------+------+-----------------------------+


+-------------------------------------------------------+
; Source assignments for lpm_add_sub:Add0|addcore:adder ;
+---------------------------+-------+------+------------+
; Assignment                ; Value ; From ; To         ;
+---------------------------+-------+------+------------+
; SUPPRESS_DA_RULE_INTERNAL ; A103  ; -    ; -          ;
+---------------------------+-------+------+------------+


+------------------------------------------------------------------------+
; Source assignments for lpm_add_sub:Add0|addcore:adder|addcore:adder[0] ;
+---------------------------+-------+------+-----------------------------+
; Assignment                ; Value ; From ; To                          ;
+---------------------------+-------+------+-----------------------------+
; SUPPRESS_DA_RULE_INTERNAL ; A103  ; -    ; -                           ;
+---------------------------+-------+------+-----------------------------+


+-------------------------------------------------------+
; Source assignments for lpm_add_sub:Add1|addcore:adder ;
+---------------------------+-------+------+------------+
; Assignment                ; Value ; From ; To         ;
+---------------------------+-------+------+------------+
; SUPPRESS_DA_RULE_INTERNAL ; A103  ; -    ; -          ;
+---------------------------+-------+------+------------+


+------------------------------------------------------------------------+
; Source assignments for lpm_add_sub:Add1|addcore:adder|addcore:adder[0] ;
+---------------------------+-------+------+-----------------------------+
; Assignment                ; Value ; From ; To                          ;
+---------------------------+-------+------+-----------------------------+
; SUPPRESS_DA_RULE_INTERNAL ; A103  ; -    ; -                           ;
+---------------------------+-------+------+-----------------------------+


+-------------------------------------------------------+
; Source assignments for lpm_add_sub:Add5|addcore:adder ;
+---------------------------+-------+------+------------+
; Assignment                ; Value ; From ; To         ;
+---------------------------+-------+------+------------+
; SUPPRESS_DA_RULE_INTERNAL ; A103  ; -    ; -          ;
+---------------------------+-------+------+------------+


+------------------------------------------------------------------------+
; Source assignments for lpm_add_sub:Add5|addcore:adder|addcore:adder[0] ;
+---------------------------+-------+------+-----------------------------+
; Assignment                ; Value ; From ; To                          ;
+---------------------------+-------+------+-----------------------------+
; SUPPRESS_DA_RULE_INTERNAL ; A103  ; -    ; -                           ;
+---------------------------+-------+------+-----------------------------+


+-------------------------------------------------------+
; Source assignments for lpm_add_sub:Add6|addcore:adder ;
+---------------------------+-------+------+------------+
; Assignment                ; Value ; From ; To         ;
+---------------------------+-------+------+------------+
; SUPPRESS_DA_RULE_INTERNAL ; A103  ; -    ; -          ;
+---------------------------+-------+------+------------+


+------------------------------------------------------------------------+
; Source assignments for lpm_add_sub:Add6|addcore:adder|addcore:adder[0] ;
+---------------------------+-------+------+-----------------------------+
; Assignment                ; Value ; From ; To                          ;
+---------------------------+-------+------+-----------------------------+
; SUPPRESS_DA_RULE_INTERNAL ; A103  ; -    ; -                           ;
+---------------------------+-------+------+-----------------------------+


+-------------------------------------------------------------------+
; Parameter Settings for Inferred Entity Instance: lpm_add_sub:Add3 ;
+------------------------+-------------+----------------------------+
; Parameter Name         ; Value       ; Type                       ;
+------------------------+-------------+----------------------------+
; LPM_WIDTH              ; 4           ; Untyped                    ;
; LPM_REPRESENTATION     ; UNSIGNED    ; Untyped                    ;
; LPM_DIRECTION          ; ADD         ; Untyped                    ;
; ONE_INPUT_IS_CONSTANT  ; NO          ; Untyped                    ;
; LPM_PIPELINE           ; 0           ; Untyped                    ;
; MAXIMIZE_SPEED         ; 5           ; Untyped                    ;
; REGISTERED_AT_END      ; 0           ; Untyped                    ;
; OPTIMIZE_FOR_SPEED     ; 9           ; Untyped                    ;
; USE_CS_BUFFERS         ; 1           ; Untyped                    ;
; CARRY_CHAIN            ; MANUAL      ; Untyped                    ;
; CARRY_CHAIN_LENGTH     ; 48          ; CARRY_CHAIN_LENGTH         ;
; DEVICE_FAMILY          ; MAX7000S    ; Untyped                    ;
; USE_WYS                ; OFF         ; Untyped                    ;
; STYLE                  ; FAST        ; Untyped                    ;
; CBXI_PARAMETER         ; add_sub_3kh ; Untyped                    ;
; AUTO_CARRY_CHAINS      ; ON          ; AUTO_CARRY                 ;
; IGNORE_CARRY_BUFFERS   ; OFF         ; IGNORE_CARRY               ;
; AUTO_CASCADE_CHAINS    ; ON          ; AUTO_CASCADE               ;
; IGNORE_CASCADE_BUFFERS ; OFF         ; IGNORE_CASCADE             ;
+------------------------+-------------+----------------------------+
Note: In order to hide this table in the UI and the text report file, please set the "Show Parameter Settings Tables in Synthesis Report" option in "Analysis and Synthesis Settings -> More Settings" to "Off".


+-------------------------------------------------------------------+
; Parameter Settings for Inferred Entity Instance: lpm_add_sub:Add0 ;
+------------------------+-------------+----------------------------+
; Parameter Name         ; Value       ; Type                       ;
+------------------------+-------------+----------------------------+
; LPM_WIDTH              ; 4           ; Untyped                    ;
; LPM_REPRESENTATION     ; UNSIGNED    ; Untyped                    ;
; LPM_DIRECTION          ; ADD         ; Untyped                    ;
; ONE_INPUT_IS_CONSTANT  ; NO          ; Untyped                    ;
; LPM_PIPELINE           ; 0           ; Untyped                    ;
; MAXIMIZE_SPEED         ; 5           ; Untyped                    ;
; REGISTERED_AT_END      ; 0           ; Untyped                    ;
; OPTIMIZE_FOR_SPEED     ; 9           ; Untyped                    ;
; USE_CS_BUFFERS         ; 1           ; Untyped                    ;
; CARRY_CHAIN            ; MANUAL      ; Untyped                    ;
; CARRY_CHAIN_LENGTH     ; 48          ; CARRY_CHAIN_LENGTH         ;
; DEVICE_FAMILY          ; MAX7000S    ; Untyped                    ;
; USE_WYS                ; OFF         ; Untyped                    ;
; STYLE                  ; FAST        ; Untyped                    ;
; CBXI_PARAMETER         ; add_sub_3kh ; Untyped                    ;
; AUTO_CARRY_CHAINS      ; ON          ; AUTO_CARRY                 ;
; IGNORE_CARRY_BUFFERS   ; OFF         ; IGNORE_CARRY               ;
; AUTO_CASCADE_CHAINS    ; ON          ; AUTO_CASCADE               ;
; IGNORE_CASCADE_BUFFERS ; OFF         ; IGNORE_CASCADE             ;
+------------------------+-------------+----------------------------+
Note: In order to hide this table in the UI and the text report file, please set the "Show Parameter Settings Tables in Synthesis Report" option in "Analysis and Synthesis Settings -> More Settings" to "Off".


+-------------------------------------------------------------------+
; Parameter Settings for Inferred Entity Instance: lpm_add_sub:Add1 ;
+------------------------+-------------+----------------------------+
; Parameter Name         ; Value       ; Type                       ;
+------------------------+-------------+----------------------------+
; LPM_WIDTH              ; 4           ; Untyped                    ;
; LPM_REPRESENTATION     ; UNSIGNED    ; Untyped                    ;
; LPM_DIRECTION          ; ADD         ; Untyped                    ;
; ONE_INPUT_IS_CONSTANT  ; NO          ; Untyped                    ;
; LPM_PIPELINE           ; 0           ; Untyped                    ;
; MAXIMIZE_SPEED         ; 5           ; Untyped                    ;
; REGISTERED_AT_END      ; 0           ; Untyped                    ;
; OPTIMIZE_FOR_SPEED     ; 9           ; Untyped                    ;
; USE_CS_BUFFERS         ; 1           ; Untyped                    ;
; CARRY_CHAIN            ; MANUAL      ; Untyped                    ;
; CARRY_CHAIN_LENGTH     ; 48          ; CARRY_CHAIN_LENGTH         ;
; DEVICE_FAMILY          ; MAX7000S    ; Untyped                    ;
; USE_WYS                ; OFF         ; Untyped                    ;
; STYLE                  ; FAST        ; Untyped                    ;
; CBXI_PARAMETER         ; add_sub_3kh ; Untyped                    ;
; AUTO_CARRY_CHAINS      ; ON          ; AUTO_CARRY                 ;
; IGNORE_CARRY_BUFFERS   ; OFF         ; IGNORE_CARRY               ;
; AUTO_CASCADE_CHAINS    ; ON          ; AUTO_CASCADE               ;
; IGNORE_CASCADE_BUFFERS ; OFF         ; IGNORE_CASCADE             ;
+------------------------+-------------+----------------------------+
Note: In order to hide this table in the UI and the text report file, please set the "Show Parameter Settings Tables in Synthesis Report" option in "Analysis and Synthesis Settings -> More Settings" to "Off".


+-------------------------------------------------------------------+
; Parameter Settings for Inferred Entity Instance: lpm_add_sub:Add5 ;
+------------------------+-------------+----------------------------+
; Parameter Name         ; Value       ; Type                       ;
+------------------------+-------------+----------------------------+
; LPM_WIDTH              ; 5           ; Untyped                    ;
; LPM_REPRESENTATION     ; UNSIGNED    ; Untyped                    ;
; LPM_DIRECTION          ; ADD         ; Untyped                    ;
; ONE_INPUT_IS_CONSTANT  ; NO          ; Untyped                    ;
; LPM_PIPELINE           ; 0           ; Untyped                    ;
; MAXIMIZE_SPEED         ; 5           ; Untyped                    ;
; REGISTERED_AT_END      ; 0           ; Untyped                    ;
; OPTIMIZE_FOR_SPEED     ; 9           ; Untyped                    ;
; USE_CS_BUFFERS         ; 1           ; Untyped                    ;
; CARRY_CHAIN            ; MANUAL      ; Untyped                    ;
; CARRY_CHAIN_LENGTH     ; 48          ; CARRY_CHAIN_LENGTH         ;
; DEVICE_FAMILY          ; MAX7000S    ; Untyped                    ;
; USE_WYS                ; OFF         ; Untyped                    ;
; STYLE                  ; FAST        ; Untyped                    ;
; CBXI_PARAMETER         ; add_sub_4kh ; Untyped                    ;
; AUTO_CARRY_CHAINS      ; ON          ; AUTO_CARRY                 ;
; IGNORE_CARRY_BUFFERS   ; OFF         ; IGNORE_CARRY               ;
; AUTO_CASCADE_CHAINS    ; ON          ; AUTO_CASCADE               ;
; IGNORE_CASCADE_BUFFERS ; OFF         ; IGNORE_CASCADE             ;
+------------------------+-------------+----------------------------+
Note: In order to hide this table in the UI and the text report file, please set the "Show Parameter Settings Tables in Synthesis Report" option in "Analysis and Synthesis Settings -> More Settings" to "Off".


+-------------------------------------------------------------------+
; Parameter Settings for Inferred Entity Instance: lpm_add_sub:Add6 ;
+------------------------+-------------+----------------------------+
; Parameter Name         ; Value       ; Type                       ;
+------------------------+-------------+----------------------------+
; LPM_WIDTH              ; 5           ; Untyped                    ;
; LPM_REPRESENTATION     ; UNSIGNED    ; Untyped                    ;
; LPM_DIRECTION          ; ADD         ; Untyped                    ;
; ONE_INPUT_IS_CONSTANT  ; NO          ; Untyped                    ;
; LPM_PIPELINE           ; 0           ; Untyped                    ;
; MAXIMIZE_SPEED         ; 5           ; Untyped                    ;
; REGISTERED_AT_END      ; 0           ; Untyped                    ;
; OPTIMIZE_FOR_SPEED     ; 9           ; Untyped                    ;
; USE_CS_BUFFERS         ; 1           ; Untyped                    ;
; CARRY_CHAIN            ; MANUAL      ; Untyped                    ;
; CARRY_CHAIN_LENGTH     ; 48          ; CARRY_CHAIN_LENGTH         ;
; DEVICE_FAMILY          ; MAX7000S    ; Untyped                    ;
; USE_WYS                ; OFF         ; Untyped                    ;
; STYLE                  ; FAST        ; Untyped                    ;
; CBXI_PARAMETER         ; add_sub_4kh ; Untyped                    ;
; AUTO_CARRY_CHAINS      ; ON          ; AUTO_CARRY                 ;
; IGNORE_CARRY_BUFFERS   ; OFF         ; IGNORE_CARRY               ;
; AUTO_CASCADE_CHAINS    ; ON          ; AUTO_CASCADE               ;
; IGNORE_CASCADE_BUFFERS ; OFF         ; IGNORE_CASCADE             ;
+------------------------+-------------+----------------------------+
Note: In order to hide this table in the UI and the text report file, please set the "Show Parameter Settings Tables in Synthesis Report" option in "Analysis and Synthesis Settings -> More Settings" to "Off".


+-------------------------------+
; Analysis & Synthesis Messages ;
+-------------------------------+
Info: *******************************************************************
Info: Running Quartus II Analysis & Synthesis
    Info: Version 9.0 Build 132 02/25/2009 SJ Web Edition
    Info: Processing started: Fri Jun 26 00:50:21 2009
Info: Command: quartus_map --read_settings_files=on --write_settings_files=off ula4bits -c ula4bits
Info: Found 2 design units, including 1 entities, in source file ula4bits.vhd
    Info: Found design unit 1: ula4bits-ula
    Info: Found entity 1: ula4bits
Info: Elaborating entity "ula4bits" for the top level hierarchy
Warning (10492): VHDL Process Statement warning at ula4bits.vhd(25): signal "a" is read inside the Process Statement but isn't in the Process Statement's sensitivity list
Warning (10492): VHDL Process Statement warning at ula4bits.vhd(25): signal "b" is read inside the Process Statement but isn't in the Process Statement's sensitivity list
Warning (10492): VHDL Process Statement warning at ula4bits.vhd(27): signal "a" is read inside the Process Statement but isn't in the Process Statement's sensitivity list
Warning (10492): VHDL Process Statement warning at ula4bits.vhd(27): signal "b" is read inside the Process Statement but isn't in the Process Statement's sensitivity list
Warning (10492): VHDL Process Statement warning at ula4bits.vhd(29): signal "a" is read inside the Process Statement but isn't in the Process Statement's sensitivity list
Warning (10492): VHDL Process Statement warning at ula4bits.vhd(29): signal "b" is read inside the Process Statement but isn't in the Process Statement's sensitivity list
Warning (10492): VHDL Process Statement warning at ula4bits.vhd(31): signal "a" is read inside the Process Statement but isn't in the Process Statement's sensitivity list
Warning (10492): VHDL Process Statement warning at ula4bits.vhd(31): signal "b" is read inside the Process Statement but isn't in the Process Statement's sensitivity list
Warning (10492): VHDL Process Statement warning at ula4bits.vhd(37): signal "a" is read inside the Process Statement but isn't in the Process Statement's sensitivity list
Warning (10492): VHDL Process Statement warning at ula4bits.vhd(39): signal "a" is read inside the Process Statement but isn't in the Process Statement's sensitivity list
Warning (10492): VHDL Process Statement warning at ula4bits.vhd(39): signal "b" is read inside the Process Statement but isn't in the Process Statement's sensitivity list
Warning (10492): VHDL Process Statement warning at ula4bits.vhd(40): signal "a" is read inside the Process Statement but isn't in the Process Statement's sensitivity list
Warning (10492): VHDL Process Statement warning at ula4bits.vhd(40): signal "b" is read inside the Process Statement but isn't in the Process Statement's sensitivity list
Warning (10492): VHDL Process Statement warning at ula4bits.vhd(40): signal "temp" is read inside the Process Statement but isn't in the Process Statement's sensitivity list
Warning (10492): VHDL Process Statement warning at ula4bits.vhd(46): signal "a" is read inside the Process Statement but isn't in the Process Statement's sensitivity list
Warning (10492): VHDL Process Statement warning at ula4bits.vhd(46): signal "b" is read inside the Process Statement but isn't in the Process Statement's sensitivity list
Warning (10492): VHDL Process Statement warning at ula4bits.vhd(47): signal "a" is read inside the Process Statement but isn't in the Process Statement's sensitivity list
Warning (10492): VHDL Process Statement warning at ula4bits.vhd(47): signal "b" is read inside the Process Statement but isn't in the Process Statement's sensitivity list
Warning (10492): VHDL Process Statement warning at ula4bits.vhd(47): signal "temp" is read inside the Process Statement but isn't in the Process Statement's sensitivity list
Warning (10492): VHDL Process Statement warning at ula4bits.vhd(53): signal "a" is read inside the Process Statement but isn't in the Process Statement's sensitivity list
Warning (10492): VHDL Process Statement warning at ula4bits.vhd(53): signal "b" is read inside the Process Statement but isn't in the Process Statement's sensitivity list
Warning (10492): VHDL Process Statement warning at ula4bits.vhd(54): signal "a" is read inside the Process Statement but isn't in the Process Statement's sensitivity list
Warning (10492): VHDL Process Statement warning at ula4bits.vhd(54): signal "b" is read inside the Process Statement but isn't in the Process Statement's sensitivity list
Warning (10492): VHDL Process Statement warning at ula4bits.vhd(54): signal "temp" is read inside the Process Statement but isn't in the Process Statement's sensitivity list
Warning (10492): VHDL Process Statement warning at ula4bits.vhd(63): signal "a" is read inside the Process Statement but isn't in the Process Statement's sensitivity list
Warning (10492): VHDL Process Statement warning at ula4bits.vhd(64): signal "temp" is read inside the Process Statement but isn't in the Process Statement's sensitivity list
Warning (10492): VHDL Process Statement warning at ula4bits.vhd(70): signal "a" is read inside the Process Statement but isn't in the Process Statement's sensitivity list
Warning (10492): VHDL Process Statement warning at ula4bits.vhd(70): signal "b" is read inside the Process Statement but isn't in the Process Statement's sensitivity list
Warning (10492): VHDL Process Statement warning at ula4bits.vhd(71): signal "a" is read inside the Process Statement but isn't in the Process Statement's sensitivity list
Warning (10492): VHDL Process Statement warning at ula4bits.vhd(71): signal "b" is read inside the Process Statement but isn't in the Process Statement's sensitivity list
Warning (10492): VHDL Process Statement warning at ula4bits.vhd(71): signal "temp" is read inside the Process Statement but isn't in the Process Statement's sensitivity list
Warning (10492): VHDL Process Statement warning at ula4bits.vhd(77): signal "a" is read inside the Process Statement but isn't in the Process Statement's sensitivity list
Warning (10492): VHDL Process Statement warning at ula4bits.vhd(77): signal "b" is read inside the Process Statement but isn't in the Process Statement's sensitivity list
Warning (10492): VHDL Process Statement warning at ula4bits.vhd(78): signal "a" is read inside the Process Statement but isn't in the Process Statement's sensitivity list
Warning (10492): VHDL Process Statement warning at ula4bits.vhd(78): signal "b" is read inside the Process Statement but isn't in the Process Statement's sensitivity list
Warning (10492): VHDL Process Statement warning at ula4bits.vhd(84): signal "b" is read inside the Process Statement but isn't in the Process Statement's sensitivity list
Warning (10492): VHDL Process Statement warning at ula4bits.vhd(84): signal "a" is read inside the Process Statement but isn't in the Process Statement's sensitivity list
Warning (10492): VHDL Process Statement warning at ula4bits.vhd(85): signal "a" is read inside the Process Statement but isn't in the Process Statement's sensitivity list
Warning (10492): VHDL Process Statement warning at ula4bits.vhd(85): signal "b" is read inside the Process Statement but isn't in the Process Statement's sensitivity list
Warning (10631): VHDL Process Statement warning at ula4bits.vhd(19): inferring latch(es) for signal or variable "carry", which holds its previous value in one or more paths through the process
Info (10041): Inferred latch for "carry" at ula4bits.vhd(19)
Info: Inferred 5 megafunctions from design logic
    Info: Inferred adder/subtractor megafunction ("lpm_add_sub") from the following logic: "Add3"
    Info: Inferred adder/subtractor megafunction ("lpm_add_sub") from the following logic: "Add0"
    Info: Inferred adder/subtractor megafunction ("lpm_add_sub") from the following logic: "Add1"
    Info: Inferred adder/subtractor megafunction ("lpm_add_sub") from the following logic: "Add5"
    Info: Inferred adder/subtractor megafunction ("lpm_add_sub") from the following logic: "Add6"
Info: Elaborated megafunction instantiation "lpm_add_sub:Add3"
Info: Instantiated megafunction "lpm_add_sub:Add3" with the following parameter:
    Info: Parameter "LPM_WIDTH" = "4"
    Info: Parameter "LPM_DIRECTION" = "ADD"
    Info: Parameter "LPM_REPRESENTATION" = "UNSIGNED"
    Info: Parameter "ONE_INPUT_IS_CONSTANT" = "NO"
Info: Elaborated megafunction instantiation "lpm_add_sub:Add3|addcore:adder", which is child of megafunction instantiation "lpm_add_sub:Add3"
Info: Elaborated megafunction instantiation "lpm_add_sub:Add3|addcore:adder|a_csnbuffer:oflow_node", which is child of megafunction instantiation "lpm_add_sub:Add3"
Info: Elaborated megafunction instantiation "lpm_add_sub:Add3|addcore:adder|a_csnbuffer:result_node", which is child of megafunction instantiation "lpm_add_sub:Add3"
Info: Elaborated megafunction instantiation "lpm_add_sub:Add3|addcore:adder|addcore:adder[0]", which is child of megafunction instantiation "lpm_add_sub:Add3"
Info: Elaborated megafunction instantiation "lpm_add_sub:Add3|addcore:adder|addcore:adder[0]|a_csnbuffer:oflow_node", which is child of megafunction instantiation "lpm_add_sub:Add3"
Info: Elaborated megafunction instantiation "lpm_add_sub:Add3|addcore:adder|addcore:adder[0]|a_csnbuffer:result_node", which is child of megafunction instantiation "lpm_add_sub:Add3"
Info: Elaborated megafunction instantiation "lpm_add_sub:Add3|altshift:result_ext_latency_ffs", which is child of megafunction instantiation "lpm_add_sub:Add3"
Info: Elaborated megafunction instantiation "lpm_add_sub:Add3|altshift:carry_ext_latency_ffs", which is child of megafunction instantiation "lpm_add_sub:Add3"
Info: Elaborated megafunction instantiation "lpm_add_sub:Add5"
Info: Instantiated megafunction "lpm_add_sub:Add5" with the following parameter:
    Info: Parameter "LPM_WIDTH" = "5"
    Info: Parameter "LPM_DIRECTION" = "ADD"
    Info: Parameter "LPM_REPRESENTATION" = "UNSIGNED"
    Info: Parameter "ONE_INPUT_IS_CONSTANT" = "NO"
Info: Elaborated megafunction instantiation "lpm_add_sub:Add5|addcore:adder", which is child of megafunction instantiation "lpm_add_sub:Add5"
Info: Elaborated megafunction instantiation "lpm_add_sub:Add5|addcore:adder|a_csnbuffer:oflow_node", which is child of megafunction instantiation "lpm_add_sub:Add5"
Info: Elaborated megafunction instantiation "lpm_add_sub:Add5|addcore:adder|a_csnbuffer:result_node", which is child of megafunction instantiation "lpm_add_sub:Add5"
Info: Elaborated megafunction instantiation "lpm_add_sub:Add5|addcore:adder|addcore:adder[0]", which is child of megafunction instantiation "lpm_add_sub:Add5"
Info: Elaborated megafunction instantiation "lpm_add_sub:Add5|altshift:result_ext_latency_ffs", which is child of megafunction instantiation "lpm_add_sub:Add5"
Info: Implemented 133 device resources after synthesis - the final resource count might be different
    Info: Implemented 12 input pins
    Info: Implemented 5 output pins
    Info: Implemented 91 macrocells
    Info: Implemented 25 shareable expanders
Info: Quartus II Analysis & Synthesis was successful. 0 errors, 40 warnings
    Info: Peak virtual memory: 216 megabytes
    Info: Processing ended: Fri Jun 26 00:50:26 2009
    Info: Elapsed time: 00:00:05
    Info: Total CPU time (on all processors): 00:00:05


