Classic Timing Analyzer report for ula4bits
Fri Jun 26 00:50:35 2009
Quartus II Version 9.0 Build 132 02/25/2009 SJ Web Edition


---------------------
; Table of Contents ;
---------------------
  1. Legal Notice
  2. Timing Analyzer Summary
  3. Timing Analyzer Settings
  4. Parallel Compilation
  5. tpd
  6. Timing Analyzer Messages



----------------
; Legal Notice ;
----------------
Copyright (C) 1991-2009 Altera Corporation
Your use of Altera Corporation's design tools, logic functions 
and other software and tools, and its AMPP partner logic 
functions, and any output files from any of the foregoing 
(including device programming or simulation files), and any 
associated documentation or information are expressly subject 
to the terms and conditions of the Altera Program License 
Subscription Agreement, Altera MegaCore Function License 
Agreement, or other applicable license agreement, including, 
without limitation, that your use is for the sole purpose of 
programming logic devices manufactured by Altera and sold by 
Altera or its authorized distributors.  Please refer to the 
applicable agreement for further details.



+-----------------------------------------------------------------------------------------------------------------------+
; Timing Analyzer Summary                                                                                               ;
+------------------------------+-------+---------------+-------------+------+----+------------+----------+--------------+
; Type                         ; Slack ; Required Time ; Actual Time ; From ; To ; From Clock ; To Clock ; Failed Paths ;
+------------------------------+-------+---------------+-------------+------+----+------------+----------+--------------+
; Worst-case tpd               ; N/A   ; None          ; 24.900 ns   ; S[0] ; Co ; --         ; --       ; 0            ;
; Total number of failed paths ;       ;               ;             ;      ;    ;            ;          ; 0            ;
+------------------------------+-------+---------------+-------------+------+----+------------+----------+--------------+


+--------------------------------------------------------------------------------------------------------------------+
; Timing Analyzer Settings                                                                                           ;
+---------------------------------------------------------------------+--------------------+------+----+-------------+
; Option                                                              ; Setting            ; From ; To ; Entity Name ;
+---------------------------------------------------------------------+--------------------+------+----+-------------+
; Device Name                                                         ; EPM7128SLC84-7     ;      ;    ;             ;
; Timing Models                                                       ; Final              ;      ;    ;             ;
; Default hold multicycle                                             ; Same as Multicycle ;      ;    ;             ;
; Cut paths between unrelated clock domains                           ; On                 ;      ;    ;             ;
; Cut off read during write signal paths                              ; On                 ;      ;    ;             ;
; Cut off feedback from I/O pins                                      ; On                 ;      ;    ;             ;
; Report Combined Fast/Slow Timing                                    ; Off                ;      ;    ;             ;
; Ignore Clock Settings                                               ; Off                ;      ;    ;             ;
; Analyze latches as synchronous elements                             ; On                 ;      ;    ;             ;
; Enable Recovery/Removal analysis                                    ; Off                ;      ;    ;             ;
; Enable Clock Latency                                                ; Off                ;      ;    ;             ;
; Use TimeQuest Timing Analyzer                                       ; Off                ;      ;    ;             ;
; Number of source nodes to report per destination node               ; 10                 ;      ;    ;             ;
; Number of destination nodes to report                               ; 10                 ;      ;    ;             ;
; Number of paths to report                                           ; 200                ;      ;    ;             ;
; Report Minimum Timing Checks                                        ; Off                ;      ;    ;             ;
; Use Fast Timing Models                                              ; Off                ;      ;    ;             ;
; Report IO Paths Separately                                          ; Off                ;      ;    ;             ;
; Perform Multicorner Analysis                                        ; Off                ;      ;    ;             ;
; Reports the worst-case path for each clock domain and analysis      ; Off                ;      ;    ;             ;
; Removes common clock path pessimism (CCPP) during slack computation ; Off                ;      ;    ;             ;
; Output I/O Timing Endpoint                                          ; Near End           ;      ;    ;             ;
+---------------------------------------------------------------------+--------------------+------+----+-------------+


Parallel compilation was disabled, but you have multiple processors available. Enable parallel compilation to reduce compilation time.
+-------------------------------------+
; Parallel Compilation                ;
+----------------------------+--------+
; Processors                 ; Number ;
+----------------------------+--------+
; Number detected on machine ; 2      ;
; Maximum allowed            ; 1      ;
+----------------------------+--------+


+-----------------------------------------------------------+
; tpd                                                       ;
+-------+-------------------+-----------------+------+------+
; Slack ; Required P2P Time ; Actual P2P Time ; From ; To   ;
+-------+-------------------+-----------------+------+------+
; N/A   ; None              ; 24.900 ns       ; a[0] ; Co   ;
; N/A   ; None              ; 24.900 ns       ; a[1] ; Co   ;
; N/A   ; None              ; 24.900 ns       ; b[1] ; Co   ;
; N/A   ; None              ; 24.900 ns       ; b[2] ; Co   ;
; N/A   ; None              ; 24.900 ns       ; a[2] ; Co   ;
; N/A   ; None              ; 24.900 ns       ; S[1] ; Co   ;
; N/A   ; None              ; 24.900 ns       ; S[0] ; Co   ;
; N/A   ; None              ; 24.100 ns       ; b[0] ; Co   ;
; N/A   ; None              ; 23.100 ns       ; a[3] ; Co   ;
; N/A   ; None              ; 23.100 ns       ; b[3] ; Co   ;
; N/A   ; None              ; 19.900 ns       ; M    ; Co   ;
; N/A   ; None              ; 19.100 ns       ; C    ; Co   ;
; N/A   ; None              ; 19.100 ns       ; a[3] ; f[3] ;
; N/A   ; None              ; 19.100 ns       ; b[3] ; f[3] ;
; N/A   ; None              ; 18.100 ns       ; b[0] ; f[3] ;
; N/A   ; None              ; 18.100 ns       ; a[0] ; f[3] ;
; N/A   ; None              ; 18.100 ns       ; a[1] ; f[3] ;
; N/A   ; None              ; 18.100 ns       ; b[1] ; f[3] ;
; N/A   ; None              ; 18.100 ns       ; b[2] ; f[3] ;
; N/A   ; None              ; 18.100 ns       ; a[2] ; f[3] ;
; N/A   ; None              ; 14.100 ns       ; b[0] ; f[1] ;
; N/A   ; None              ; 14.100 ns       ; a[0] ; f[1] ;
; N/A   ; None              ; 14.100 ns       ; b[1] ; f[1] ;
; N/A   ; None              ; 14.100 ns       ; S[1] ; f[1] ;
; N/A   ; None              ; 14.100 ns       ; C    ; f[1] ;
; N/A   ; None              ; 14.100 ns       ; S[0] ; f[1] ;
; N/A   ; None              ; 13.300 ns       ; a[1] ; f[1] ;
; N/A   ; None              ; 12.500 ns       ; b[0] ; f[2] ;
; N/A   ; None              ; 12.500 ns       ; a[0] ; f[2] ;
; N/A   ; None              ; 12.500 ns       ; a[1] ; f[2] ;
; N/A   ; None              ; 12.500 ns       ; b[1] ; f[2] ;
; N/A   ; None              ; 12.500 ns       ; b[2] ; f[2] ;
; N/A   ; None              ; 12.500 ns       ; a[2] ; f[2] ;
; N/A   ; None              ; 12.500 ns       ; S[1] ; f[2] ;
; N/A   ; None              ; 12.500 ns       ; M    ; f[2] ;
; N/A   ; None              ; 12.500 ns       ; C    ; f[2] ;
; N/A   ; None              ; 12.500 ns       ; S[0] ; f[2] ;
; N/A   ; None              ; 11.500 ns       ; S[1] ; f[3] ;
; N/A   ; None              ; 11.500 ns       ; C    ; f[3] ;
; N/A   ; None              ; 11.500 ns       ; S[0] ; f[3] ;
; N/A   ; None              ; 9.100 ns        ; M    ; f[3] ;
; N/A   ; None              ; 8.300 ns        ; M    ; f[1] ;
; N/A   ; None              ; 8.300 ns        ; b[0] ; f[0] ;
; N/A   ; None              ; 8.300 ns        ; a[0] ; f[0] ;
; N/A   ; None              ; 8.300 ns        ; S[1] ; f[0] ;
; N/A   ; None              ; 8.300 ns        ; M    ; f[0] ;
; N/A   ; None              ; 8.300 ns        ; C    ; f[0] ;
; N/A   ; None              ; 8.300 ns        ; S[0] ; f[0] ;
+-------+-------------------+-----------------+------+------+


+--------------------------+
; Timing Analyzer Messages ;
+--------------------------+
Info: *******************************************************************
Info: Running Quartus II Classic Timing Analyzer
    Info: Version 9.0 Build 132 02/25/2009 SJ Web Edition
    Info: Processing started: Fri Jun 26 00:50:34 2009
Info: Command: quartus_tan --read_settings_files=off --write_settings_files=off ula4bits -c ula4bits
Info: Started post-fitting delay annotation
Info: Delay annotation completed successfully
Warning: Timing Analysis does not support the analysis of latches as synchronous elements for the currently selected device family
Warning: Found combinational loop of 1 nodes
    Warning: Node "carry~15"
Info: Longest tpd from source pin "a[0]" to destination pin "Co" is 24.900 ns
    Info: 1: + IC(0.000 ns) + CELL(0.500 ns) = 0.500 ns; Loc. = PIN_9; Fanout = 153; PIN Node = 'a[0]'
    Info: 2: + IC(1.000 ns) + CELL(4.000 ns) = 5.500 ns; Loc. = LC35; Fanout = 20; COMB Node = 'temp~372bal'
    Info: 3: + IC(1.000 ns) + CELL(3.000 ns) = 9.500 ns; Loc. = LC49; Fanout = 1; COMB Node = 'temp~477'
    Info: 4: + IC(0.000 ns) + CELL(0.800 ns) = 10.300 ns; Loc. = LC50; Fanout = 1; COMB Node = 'temp~483'
    Info: 5: + IC(0.000 ns) + CELL(0.800 ns) = 11.100 ns; Loc. = LC51; Fanout = 1; COMB Node = 'temp~489'
    Info: 6: + IC(0.000 ns) + CELL(1.800 ns) = 12.900 ns; Loc. = LC52; Fanout = 2; COMB Node = 'temp~378'
    Info: 7: + IC(1.000 ns) + CELL(4.000 ns) = 17.900 ns; Loc. = LC120; Fanout = 3; COMB Node = 'Mux14~27'
    Info: 8: + IC(0.000 ns) + CELL(5.000 ns) = 22.900 ns; Loc. = LC93; Fanout = 3; COMB LOOP Node = 'carry~15'
        Info: Loc. = LC93; Node "carry~15"
    Info: 9: + IC(0.000 ns) + CELL(2.000 ns) = 24.900 ns; Loc. = PIN_60; Fanout = 0; PIN Node = 'Co'
    Info: Total cell delay = 21.900 ns ( 87.95 % )
    Info: Total interconnect delay = 3.000 ns ( 12.05 % )
Info: Quartus II Classic Timing Analyzer was successful. 0 errors, 3 warnings
    Info: Peak virtual memory: 159 megabytes
    Info: Processing ended: Fri Jun 26 00:50:35 2009
    Info: Elapsed time: 00:00:01
    Info: Total CPU time (on all processors): 00:00:01


